#
# There is insufficient memory for the Java Runtime Environment to continue.
# Native memory allocation (malloc) failed to allocate 125304832 bytes for committing reserved memory.
# Possible reasons:
#   The system is out of physical RAM or swap space
#   In 32 bit mode, the process size limit was hit
# Possible solutions:
#   Reduce memory load on the system
#   Increase physical memory or swap space
#   Check if swap backing store is full
#   Use 64 bit Java on a 64 bit OS
#   Decrease Java heap size (-Xmx/-Xms)
#   Decrease number of Java threads
#   Decrease Java thread stack sizes (-Xss)
#   Set larger code cache with -XX:ReservedCodeCacheSize=
# This output file may be truncated or incomplete.
#
#  Out of Memory Error (os_linux.cpp:2798), pid=5548, tid=140000035964672
#
# JRE version: OpenJDK Runtime Environment (7.0_75-b13) (build 1.7.0_75-b13)
# Java VM: OpenJDK 64-Bit Server VM (24.75-b04 mixed mode linux-amd64 compressed oops)
# Derivative: IcedTea 2.5.4
# Distribution: Ubuntu 14.04 LTS, package 7u75-2.5.4-1~trusty1
# Failed to write core dump. Core dumps have been disabled. To enable core dumping, try "ulimit -c unlimited" before starting Java again
#

---------------  T H R E A D  ---------------

Current thread (0x00007f5448075800):  VMThread [stack: 0x00007f544c598000,0x00007f544c699000] [id=5559]

Stack: [0x00007f544c598000,0x00007f544c699000],  sp=0x00007f544c697490,  free space=1021k
Native frames: (J=compiled Java code, j=interpreted, Vv=VM code, C=native code)
V  [libjvm.so+0x94a9d5]  VMError::report_and_die()+0x175
V  [libjvm.so+0x48b954]  report_vm_out_of_memory(char const*, int, unsigned long, char const*)+0x74
V  [libjvm.so+0x7c7b7b]  os::pd_commit_memory(char*, unsigned long, unsigned long, bool)+0xeb
V  [libjvm.so+0x7c263f]  os::commit_memory(char*, unsigned long, unsigned long, bool)+0x1f
V  [libjvm.so+0x834b1b]  PSVirtualSpace::expand_by(unsigned long)+0x5b
V  [libjvm.so+0x835970]  PSYoungGen::resize_generation(unsigned long, unsigned long)+0xb0
V  [libjvm.so+0x83605b]  PSYoungGen::resize(unsigned long, unsigned long)+0x1b
V  [libjvm.so+0x832340]  PSScavenge::invoke_no_policy()+0xde0
V  [libjvm.so+0x832b18]  PSScavenge::invoke()+0x38
V  [libjvm.so+0x7e9203]  ParallelScavengeHeap::failed_mem_allocate(unsigned long)+0x63
V  [libjvm.so+0x94c3d4]  VM_ParallelGCFailedAllocation::doit()+0x84
V  [libjvm.so+0x9508d7]  VM_Operation::evaluate()+0x47
V  [libjvm.so+0x94f248]  VMThread::evaluate_operation(VM_Operation*)+0x318
V  [libjvm.so+0x94f6a9]  VMThread::loop()+0x219
V  [libjvm.so+0x94faf2]  VMThread::run()+0x72
V  [libjvm.so+0x7c4a42]  java_start(Thread*)+0xf2

VM_Operation (0x00007f5434664850): ParallelGCFailedAllocation, mode: safepoint, requested by thread 0x00007f544823d000


---------------  P R O C E S S  ---------------

Java Threads: ( => current thread )
  0x00007f544800a000 JavaThread "DestroyJavaVM" [_thread_blocked, id=5554, stack(0x00007f545170e000,0x00007f545180f000)]
  0x00007f5400002000 JavaThread "AWT-EventQueue-0" [_thread_blocked, id=5591, stack(0x00007f5434060000,0x00007f5434161000)]
  0x00007f544824b800 JavaThread "AWT-Shutdown" [_thread_blocked, id=5587, stack(0x00007f5434161000,0x00007f5434262000)]
  0x00007f5448242000 JavaThread "Thread-4" [_thread_blocked, id=5580, stack(0x00007f5434262000,0x00007f5434363000)]
  0x00007f5448240000 JavaThread "Thread-3" [_thread_blocked, id=5579, stack(0x00007f5434363000,0x00007f5434464000)]
  0x00007f544823e800 JavaThread "Thread-2" [_thread_blocked, id=5578, stack(0x00007f5434464000,0x00007f5434565000)]
  0x00007f544823d000 JavaThread "Thread-1" [_thread_blocked, id=5577, stack(0x00007f5434565000,0x00007f5434666000)]
  0x00007f544823a000 JavaThread "Thread-0" [_thread_blocked, id=5576, stack(0x00007f5434666000,0x00007f5434767000)]
  0x00007f54481ca000 JavaThread "AWT-XAWT" daemon [_thread_blocked, id=5569, stack(0x00007f5434767000,0x00007f5434868000)]
  0x00007f54481a4000 JavaThread "Java2D Disposer" daemon [_thread_blocked, id=5568, stack(0x00007f54440fe000,0x00007f54441ff000)]
  0x00007f54480ae000 JavaThread "Service Thread" daemon [_thread_blocked, id=5565, stack(0x00007f544481d000,0x00007f544491e000)]
  0x00007f54480ab800 JavaThread "C2 CompilerThread1" daemon [_thread_blocked, id=5564, stack(0x00007f544c093000,0x00007f544c194000)]
  0x00007f54480a8800 JavaThread "C2 CompilerThread0" daemon [_thread_blocked, id=5563, stack(0x00007f544c194000,0x00007f544c295000)]
  0x00007f54480a6800 JavaThread "Signal Dispatcher" daemon [_thread_blocked, id=5562, stack(0x00007f544c295000,0x00007f544c396000)]
  0x00007f544807b800 JavaThread "Finalizer" daemon [_thread_blocked, id=5561, stack(0x00007f544c396000,0x00007f544c497000)]
  0x00007f5448079800 JavaThread "Reference Handler" daemon [_thread_blocked, id=5560, stack(0x00007f544c497000,0x00007f544c598000)]

Other Threads:
=>0x00007f5448075800 VMThread [stack: 0x00007f544c598000,0x00007f544c699000] [id=5559]
  0x00007f54480b8800 WatcherThread [stack: 0x00007f544471c000,0x00007f544481d000] [id=5566]

VM state:at safepoint (normal execution)

VM Mutex/Monitor currently owned by a thread:  ([mutex/lock_event])
[0x00007f5448006380] Threads_lock - owner thread: 0x00007f5448075800
[0x00007f5448006880] Heap_lock - owner thread: 0x00007f544823d000

Heap
 PSYoungGen      total 205312K, used 64K [0x00000000eba80000, 0x00000000f8500000, 0x0000000100000000)
  eden space 203264K, 0% used [0x00000000eba80000,0x00000000eba80000,0x00000000f8100000)
  from space 2048K, 3% used [0x00000000f8100000,0x00000000f8110000,0x00000000f8300000)
  to   space 2048K, 0% used [0x00000000f8300000,0x00000000f8300000,0x00000000f8500000)
 ParOldGen       total 41472K, used 1317K [0x00000000c3000000, 0x00000000c5880000, 0x00000000eba80000)
  object space 41472K, 3% used [0x00000000c3000000,0x00000000c31496c8,0x00000000c5880000)
 PSPermGen       total 21504K, used 9561K [0x00000000b8a00000, 0x00000000b9f00000, 0x00000000c3000000)
  object space 21504K, 44% used [0x00000000b8a00000,0x00000000b9356648,0x00000000b9f00000)

Card table byte_map: [0x00007f544e119000,0x00007f544e355000] byte_map_base: 0x00007f544db54000

Polling page: 0x00007f5451832000

Code Cache  [0x00007f5445000000, 0x00007f5445270000, 0x00007f5448000000)
 total_blobs=453 nmethods=43 adapters=364 free_code_cache=48577Kb largest_free_block=49718784

Compilation events (10 events):
Event: 10,830 Thread 0x00007f54480a8800 nmethod 39 0x00007f5445089d50 code [0x00007f5445089ec0, 0x00007f544508a068]
Event: 10,830 Thread 0x00007f54480a8800   40 %           Principal::run @ 9 (165 bytes)
Event: 10,830 Thread 0x00007f54480ab800 nmethod 38 0x00007f544508dcd0 code [0x00007f544508de40, 0x00007f544508dfd8]
Event: 10,857 Thread 0x00007f54480a8800 nmethod 40% 0x00007f544508f390 code [0x00007f544508f560, 0x00007f544508fc28]
Event: 14,671 Thread 0x00007f54480ab800   41 %           Principal::run @ 9 (165 bytes)
Event: 14,682 Thread 0x00007f54480a8800   42             java.lang.String::equalsIgnoreCase (48 bytes)
Event: 14,685 Thread 0x00007f54480a8800 nmethod 42 0x00007f544508a450 code [0x00007f544508a5a0, 0x00007f544508a688]
Event: 14,721 Thread 0x00007f54480a8800   43             Principal::comer (91 bytes)
Event: 14,747 Thread 0x00007f54480a8800 nmethod 43 0x00007f544508e890 code [0x00007f544508ea40, 0x00007f544508ee70]
Event: 14,851 Thread 0x00007f54480ab800 nmethod 41% 0x00007f5445093610 code [0x00007f5445093900, 0x00007f54450947a8]

GC Heap History (10 events):
Event: 12,254 GC heap after
Heap after GC invocations=6 (full 0):
 PSYoungGen      total 65024K, used 1344K [0x00000000eba80000, 0x00000000efb80000, 0x0000000100000000)
  eden space 63488K, 0% used [0x00000000eba80000,0x00000000eba80000,0x00000000ef880000)
  from space 1536K, 87% used [0x00000000efa00000,0x00000000efb50020,0x00000000efb80000)
  to   space 1536K, 0% used [0x00000000ef880000,0x00000000ef880000,0x00000000efa00000)
 ParOldGen       total 41472K, used 24K [0x00000000c3000000, 0x00000000c5880000, 0x00000000eba80000)
  object space 41472K, 0% used [0x00000000c3000000,0x00000000c3006000,0x00000000c5880000)
 PSPermGen       total 21504K, used 9561K [0x00000000b8a00000, 0x00000000b9f00000, 0x00000000c3000000)
  object space 21504K, 44% used [0x00000000b8a00000,0x00000000b9356648,0x00000000b9f00000)
}
Event: 13,067 GC heap before
{Heap before GC invocations=7 (full 0):
 PSYoungGen      total 65024K, used 64832K [0x00000000eba80000, 0x00000000efb80000, 0x0000000100000000)
  eden space 63488K, 100% used [0x00000000eba80000,0x00000000ef880000,0x00000000ef880000)
  from space 1536K, 87% used [0x00000000efa00000,0x00000000efb50020,0x00000000efb80000)
  to   space 1536K, 0% used [0x00000000ef880000,0x00000000ef880000,0x00000000efa00000)
 ParOldGen       total 41472K, used 24K [0x00000000c3000000, 0x00000000c5880000, 0x00000000eba80000)
  object space 41472K, 0% used [0x00000000c3000000,0x00000000c3006000,0x00000000c5880000)
 PSPermGen       total 21504K, used 9561K [0x00000000b8a00000, 0x00000000b9f00000, 0x00000000c3000000)
  object space 21504K, 44% used [0x00000000b8a00000,0x00000000b9356648,0x00000000b9f00000)
Event: 13,083 GC heap after
Heap after GC invocations=7 (full 0):
 PSYoungGen      total 65024K, used 32K [0x00000000eba80000, 0x00000000f3a80000, 0x0000000100000000)
  eden space 63488K, 0% used [0x00000000eba80000,0x00000000eba80000,0x00000000ef880000)
  from space 1536K, 2% used [0x00000000ef880000,0x00000000ef888000,0x00000000efa00000)
  to   space 2048K, 0% used [0x00000000f3880000,0x00000000f3880000,0x00000000f3a80000)
 ParOldGen       total 41472K, used 1285K [0x00000000c3000000, 0x00000000c5880000, 0x00000000eba80000)
  object space 41472K, 3% used [0x00000000c3000000,0x00000000c31416c8,0x00000000c5880000)
 PSPermGen       total 21504K, used 9561K [0x00000000b8a00000, 0x00000000b9f00000, 0x00000000c3000000)
  object space 21504K, 44% used [0x00000000b8a00000,0x00000000b9356648,0x00000000b9f00000)
}
Event: 14,459 GC heap before
{Heap before GC invocations=8 (full 0):
 PSYoungGen      total 65024K, used 63520K [0x00000000eba80000, 0x00000000f3a80000, 0x0000000100000000)
  eden space 63488K, 100% used [0x00000000eba80000,0x00000000ef880000,0x00000000ef880000)
  from space 1536K, 2% used [0x00000000ef880000,0x00000000ef888000,0x00000000efa00000)
  to   space 2048K, 0% used [0x00000000f3880000,0x00000000f3880000,0x00000000f3a80000)
 ParOldGen       total 41472K, used 1285K [0x00000000c3000000, 0x00000000c5880000, 0x00000000eba80000)
  object space 41472K, 3% used [0x00000000c3000000,0x00000000c31416c8,0x00000000c5880000)
 PSPermGen       total 21504K, used 9561K [0x00000000b8a00000, 0x00000000b9f00000, 0x00000000c3000000)
  object space 21504K, 44% used [0x00000000b8a00000,0x00000000b9356648,0x00000000b9f00000)
Event: 14,462 GC heap after
Heap after GC invocations=8 (full 0):
 PSYoungGen      total 129024K, used 32K [0x00000000eba80000, 0x00000000f3a80000, 0x0000000100000000)
  eden space 126976K, 0% used [0x00000000eba80000,0x00000000eba80000,0x00000000f3680000)
  from space 2048K, 1% used [0x00000000f3880000,0x00000000f3888000,0x00000000f3a80000)
  to   space 2048K, 0% used [0x00000000f3680000,0x00000000f3680000,0x00000000f3880000)
 ParOldGen       total 41472K, used 1285K [0x00000000c3000000, 0x00000000c5880000, 0x00000000eba80000)
  object space 41472K, 3% used [0x00000000c3000000,0x00000000c31416c8,0x00000000c5880000)
 PSPermGen       total 21504K, used 9561K [0x00000000b8a00000, 0x00000000b9f00000, 0x00000000c3000000)
  object space 21504K, 44% used [0x00000000b8a00000,0x00000000b9356648,0x00000000b9f00000)
}
Event: 17,133 GC heap before
{Heap before GC invocations=9 (full 0):
 PSYoungGen      total 129024K, used 127008K [0x00000000eba80000, 0x00000000f3a80000, 0x0000000100000000)
  eden space 126976K, 100% used [0x00000000eba80000,0x00000000f3680000,0x00000000f3680000)
  from space 2048K, 1% used [0x00000000f3880000,0x00000000f3888000,0x00000000f3a80000)
  to   space 2048K, 0% used [0x00000000f3680000,0x00000000f3680000,0x00000000f3880000)
 ParOldGen       total 41472K, used 1285K [0x00000000c3000000, 0x00000000c5880000, 0x00000000eba80000)
  object space 41472K, 3% used [0x00000000c3000000,0x00000000c31416c8,0x00000000c5880000)
 PSPermGen       total 21504K, used 9561K [0x00000000b8a00000, 0x00000000b9f00000, 0x00000000c3000000)
  object space 21504K, 44% used [0x00000000b8a00000,0x00000000b9356648,0x00000000b9f00000)
Event: 17,139 GC heap after
Heap after GC invocations=9 (full 0):
 PSYoungGen      total 129024K, used 64K [0x00000000eba80000, 0x00000000f8500000, 0x0000000100000000)
  eden space 126976K, 0% used [0x00000000eba80000,0x00000000eba80000,0x00000000f3680000)
  from space 2048K, 3% used [0x00000000f3680000,0x00000000f3690000,0x00000000f3880000)
  to   space 2048K, 0% used [0x00000000f8300000,0x00000000f8300000,0x00000000f8500000)
 ParOldGen       total 41472K, used 1285K [0x00000000c3000000, 0x00000000c5880000, 0x00000000eba80000)
  object space 41472K, 3% used [0x00000000c3000000,0x00000000c31416c8,0x00000000c5880000)
 PSPermGen       total 21504K, used 9561K [0x00000000b8a00000, 0x00000000b9f00000, 0x00000000c3000000)
  object space 21504K, 44% used [0x00000000b8a00000,0x00000000b9356648,0x00000000b9f00000)
}
Event: 18,995 GC heap before
{Heap before GC invocations=10 (full 0):
 PSYoungGen      total 129024K, used 127040K [0x00000000eba80000, 0x00000000f8500000, 0x0000000100000000)
  eden space 126976K, 100% used [0x00000000eba80000,0x00000000f3680000,0x00000000f3680000)
  from space 2048K, 3% used [0x00000000f3680000,0x00000000f3690000,0x00000000f3880000)
  to   space 2048K, 0% used [0x00000000f8300000,0x00000000f8300000,0x00000000f8500000)
 ParOldGen       total 41472K, used 1285K [0x00000000c3000000, 0x00000000c5880000, 0x00000000eba80000)
  object space 41472K, 3% used [0x00000000c3000000,0x00000000c31416c8,0x00000000c5880000)
 PSPermGen       total 21504K, used 9561K [0x00000000b8a00000, 0x00000000b9f00000, 0x00000000c3000000)
  object space 21504K, 44% used [0x00000000b8a00000,0x00000000b9356648,0x00000000b9f00000)
Event: 19,001 GC heap after
Heap after GC invocations=10 (full 0):
 PSYoungGen      total 205312K, used 32K [0x00000000eba80000, 0x00000000f8500000, 0x0000000100000000)
  eden space 203264K, 0% used [0x00000000eba80000,0x00000000eba80000,0x00000000f8100000)
  from space 2048K, 1% used [0x00000000f8300000,0x00000000f8308000,0x00000000f8500000)
  to   space 2048K, 0% used [0x00000000f8100000,0x00000000f8100000,0x00000000f8300000)
 ParOldGen       total 41472K, used 1293K [0x00000000c3000000, 0x00000000c5880000, 0x00000000eba80000)
  object space 41472K, 3% used [0x00000000c3000000,0x00000000c31436c8,0x00000000c5880000)
 PSPermGen       total 21504K, used 9561K [0x00000000b8a00000, 0x00000000b9f00000, 0x00000000c3000000)
  object space 21504K, 44% used [0x00000000b8a00000,0x00000000b9356648,0x00000000b9f00000)
}
Event: 24,946 GC heap before
{Heap before GC invocations=11 (full 0):
 PSYoungGen      total 205312K, used 203296K [0x00000000eba80000, 0x00000000f8500000, 0x0000000100000000)
  eden space 203264K, 100% used [0x00000000eba80000,0x00000000f8100000,0x00000000f8100000)
  from space 2048K, 1% used [0x00000000f8300000,0x00000000f8308000,0x00000000f8500000)
  to   space 2048K, 0% used [0x00000000f8100000,0x00000000f8100000,0x00000000f8300000)
 ParOldGen       total 41472K, used 1293K [0x00000000c3000000, 0x00000000c5880000, 0x00000000eba80000)
  object space 41472K, 3% used [0x00000000c3000000,0x00000000c31436c8,0x00000000c5880000)
 PSPermGen       total 21504K, used 9561K [0x00000000b8a00000, 0x00000000b9f00000, 0x00000000c3000000)
  object space 21504K, 44% used [0x00000000b8a00000,0x00000000b9356648,0x00000000b9f00000)

Deoptimization events (8 events):
Event: 3,672 Thread 0x00007f5400002000 Uncommon trap: reason=class_check action=maybe_recompile pc=0x00007f544507b630 method=java.util.Properties$LineReader.readLine()I @ 62
Event: 3,677 Thread 0x00007f5400002000 Uncommon trap: reason=class_check action=maybe_recompile pc=0x00007f544507b630 method=java.util.Properties$LineReader.readLine()I @ 62
Event: 3,683 Thread 0x00007f5400002000 Uncommon trap: reason=class_check action=maybe_recompile pc=0x00007f544507b630 method=java.util.Properties$LineReader.readLine()I @ 62
Event: 3,690 Thread 0x00007f5400002000 Uncommon trap: reason=class_check action=maybe_recompile pc=0x00007f544507b630 method=java.util.Properties$LineReader.readLine()I @ 62
Event: 12,650 Thread 0x00007f544823a000 Uncommon trap: reason=unreached action=reinterpret pc=0x00007f5445089fd4 method=java.lang.String.equalsIgnoreCase(Ljava/lang/String;)Z @ 2
Event: 12,650 Thread 0x00007f544823a000 Uncommon trap: reason=unreached action=reinterpret pc=0x00007f5445086a88 method=java.lang.String.equalsIgnoreCase(Ljava/lang/String;)Z @ 2
Event: 14,666 Thread 0x00007f5448242000 Uncommon trap: reason=unreached action=reinterpret pc=0x00007f544508f9e0 method=java.lang.String.equalsIgnoreCase(Ljava/lang/String;)Z @ 2
Event: 14,708 Thread 0x00007f5448240000 Uncommon trap: reason=unreached action=reinterpret pc=0x00007f544508f9e0 method=java.lang.String.equalsIgnoreCase(Ljava/lang/String;)Z @ 2

Internal exceptions (10 events):
Event: 2,558 Thread 0x00007f544800a000 Threw 0x00000000ebc32430 at /build/buildd/openjdk-7-7u75-2.5.4/build/openjdk/hotspot/src/share/vm/prims/jvm.cpp:1284
Event: 2,559 Thread 0x00007f544800a000 Threw 0x00000000ebc33760 at /build/buildd/openjdk-7-7u75-2.5.4/build/openjdk/hotspot/src/share/vm/prims/jvm.cpp:1284
Event: 2,564 Thread 0x00007f544800a000 Threw 0x00000000ebc3aa30 at /build/buildd/openjdk-7-7u75-2.5.4/build/openjdk/hotspot/src/share/vm/prims/jvm.cpp:1284
Event: 2,564 Thread 0x00007f544800a000 Threw 0x00000000ebc3bd60 at /build/buildd/openjdk-7-7u75-2.5.4/build/openjdk/hotspot/src/share/vm/prims/jvm.cpp:1284
Event: 4,009 Thread 0x00007f53ec03b000 Threw 0x00000000ebe8cbc0 at /build/buildd/openjdk-7-7u75-2.5.4/build/openjdk/hotspot/src/share/vm/prims/jni.cpp:721
Event: 4,010 Thread 0x00007f53ec03b000 Threw 0x00000000ebe8d320 at /build/buildd/openjdk-7-7u75-2.5.4/build/openjdk/hotspot/src/share/vm/prims/jni.cpp:721
Event: 4,010 Thread 0x00007f53ec03b000 Threw 0x00000000ebe8da80 at /build/buildd/openjdk-7-7u75-2.5.4/build/openjdk/hotspot/src/share/vm/prims/jni.cpp:721
Event: 4,011 Thread 0x00007f53ec03b000 Threw 0x00000000ebe8e1e0 at /build/buildd/openjdk-7-7u75-2.5.4/build/openjdk/hotspot/src/share/vm/prims/jni.cpp:721
Event: 4,011 Thread 0x00007f53ec03b000 Threw 0x00000000ebe8e940 at /build/buildd/openjdk-7-7u75-2.5.4/build/openjdk/hotspot/src/share/vm/prims/jni.cpp:721
Event: 6,292 Thread 0x00007f5400002000 Threw 0x00000000ebe64d38 at /build/buildd/openjdk-7-7u75-2.5.4/build/openjdk/hotspot/src/share/vm/prims/jni.cpp:747

Events (10 events):
Event: 14,666 Thread 0x00007f5448242000 DEOPT PACKING pc=0x00007f544508f9e0 sp=0x00007f5434361990
Event: 14,666 Thread 0x00007f5448242000 DEOPT UNPACKING pc=0x00007f5445039445 sp=0x00007f5434361890 mode 2
Event: 14,708 Thread 0x00007f5448240000 Uncommon trap: trap_request=0xffffffad fr.pc=0x00007f544508f9e0
Event: 14,708 Thread 0x00007f5448240000 DEOPT PACKING pc=0x00007f544508f9e0 sp=0x00007f5434462990
Event: 14,708 Thread 0x00007f5448240000 DEOPT UNPACKING pc=0x00007f5445039445 sp=0x00007f5434462890 mode 2
Event: 17,133 Executing VM operation: ParallelGCFailedAllocation
Event: 17,139 Executing VM operation: ParallelGCFailedAllocation done
Event: 18,995 Executing VM operation: ParallelGCFailedAllocation
Event: 19,001 Executing VM operation: ParallelGCFailedAllocation done
Event: 22,797 Executing VM operation: ParallelGCFailedAllocation


Dynamic libraries:
00400000-00401000 r-xp 00000000 08:03 2635104                            /usr/lib/jvm/java-7-openjdk-amd64/jre/bin/java
00600000-00601000 r--p 00000000 08:03 2635104                            /usr/lib/jvm/java-7-openjdk-amd64/jre/bin/java
00601000-00602000 rw-p 00001000 08:03 2635104                            /usr/lib/jvm/java-7-openjdk-amd64/jre/bin/java
01891000-018b2000 rw-p 00000000 00:00 0                                  [heap]
b8a00000-b9f00000 rw-p 00000000 00:00 0 
b9f00000-c3000000 rw-p 00000000 00:00 0 
c3000000-c5880000 rw-p 00000000 00:00 0 
c5880000-eba80000 rw-p 00000000 00:00 0 
eba80000-f8500000 rw-p 00000000 00:00 0 
ffc80000-100000000 rw-p 00000000 00:00 0 
7f53e0000000-7f53e0021000 rw-p 00000000 00:00 0 
7f53e0021000-7f53e4000000 ---p 00000000 00:00 0 
7f53e7880000-7f53e7883000 ---p 00000000 00:00 0 
7f53e7883000-7f53e7981000 rw-p 00000000 00:00 0 
7f53e7981000-7f53e7991000 r-xp 00000000 08:03 2635070                    /usr/lib/jvm/java-7-openjdk-amd64/jre/lib/amd64/libnio.so
7f53e7991000-7f53e7b91000 ---p 00010000 08:03 2635070                    /usr/lib/jvm/java-7-openjdk-amd64/jre/lib/amd64/libnio.so
7f53e7b91000-7f53e7b92000 r--p 00010000 08:03 2635070                    /usr/lib/jvm/java-7-openjdk-amd64/jre/lib/amd64/libnio.so
7f53e7b92000-7f53e7b93000 rw-p 00011000 08:03 2635070                    /usr/lib/jvm/java-7-openjdk-amd64/jre/lib/amd64/libnio.so
7f53e7b93000-7f53e7baa000 r-xp 00000000 08:03 2635074                    /usr/lib/jvm/java-7-openjdk-amd64/jre/lib/amd64/libnet.so
7f53e7baa000-7f53e7da9000 ---p 00017000 08:03 2635074                    /usr/lib/jvm/java-7-openjdk-amd64/jre/lib/amd64/libnet.so
7f53e7da9000-7f53e7daa000 r--p 00016000 08:03 2635074                    /usr/lib/jvm/java-7-openjdk-amd64/jre/lib/amd64/libnet.so
7f53e7daa000-7f53e7dab000 rw-p 00017000 08:03 2635074                    /usr/lib/jvm/java-7-openjdk-amd64/jre/lib/amd64/libnet.so
7f53e7dab000-7f53e7dfc000 r-xp 00000000 08:03 2635081                    /usr/lib/jvm/java-7-openjdk-amd64/jre/lib/amd64/libfontmanager.so
7f53e7dfc000-7f53e7ffc000 ---p 00051000 08:03 2635081                    /usr/lib/jvm/java-7-openjdk-amd64/jre/lib/amd64/libfontmanager.so
7f53e7ffc000-7f53e7fff000 r--p 00051000 08:03 2635081                    /usr/lib/jvm/java-7-openjdk-amd64/jre/lib/amd64/libfontmanager.so
7f53e7fff000-7f53e8000000 rw-p 00054000 08:03 2635081                    /usr/lib/jvm/java-7-openjdk-amd64/jre/lib/amd64/libfontmanager.so
7f53e8000000-7f53e8021000 rw-p 00000000 00:00 0 
7f53e8021000-7f53ec000000 ---p 00000000 00:00 0 
7f53ec000000-7f53ec054000 rw-p 00000000 00:00 0 
7f53ec054000-7f53f0000000 ---p 00000000 00:00 0 
7f53f0000000-7f53f0242000 rw-p 00000000 00:00 0 
7f53f0242000-7f53f4000000 ---p 00000000 00:00 0 
7f53f4000000-7f53f4021000 rw-p 00000000 00:00 0 
7f53f4021000-7f53f8000000 ---p 00000000 00:00 0 
7f53f8000000-7f53f8021000 rw-p 00000000 00:00 0 
7f53f8021000-7f53fc000000 ---p 00000000 00:00 0 
7f53fc000000-7f53fc021000 rw-p 00000000 00:00 0 
7f53fc021000-7f5400000000 ---p 00000000 00:00 0 
7f5400000000-7f5400021000 rw-p 00000000 00:00 0 
7f5400021000-7f5404000000 ---p 00000000 00:00 0 
7f5404000000-7f5404021000 rw-p 00000000 00:00 0 
7f5404021000-7f5408000000 ---p 00000000 00:00 0 
7f5408000000-7f5408021000 rw-p 00000000 00:00 0 
7f5408021000-7f540c000000 ---p 00000000 00:00 0 
7f540c000000-7f540c021000 rw-p 00000000 00:00 0 
7f540c021000-7f5410000000 ---p 00000000 00:00 0 
7f5410000000-7f54101ab000 rw-p 00000000 00:00 0 
7f54101ab000-7f5414000000 ---p 00000000 00:00 0 
7f5414000000-7f5414021000 rw-p 00000000 00:00 0 
7f5414021000-7f5418000000 ---p 00000000 00:00 0 
7f5418000000-7f5418021000 rw-p 00000000 00:00 0 
7f5418021000-7f541c000000 ---p 00000000 00:00 0 
7f541c000000-7f541c237000 rw-p 00000000 00:00 0 
7f541c237000-7f5420000000 ---p 00000000 00:00 0 
7f5420000000-7f5420021000 rw-p 00000000 00:00 0 
7f5420021000-7f5424000000 ---p 00000000 00:00 0 
7f5424000000-7f5424021000 rw-p 00000000 00:00 0 
7f5424021000-7f5428000000 ---p 00000000 00:00 0 
7f5428000000-7f5428021000 rw-p 00000000 00:00 0 
7f5428021000-7f542c000000 ---p 00000000 00:00 0 
7f542c000000-7f542c240000 rw-p 00000000 00:00 0 
7f542c240000-7f5430000000 ---p 00000000 00:00 0 
7f5430000000-7f5430021000 rw-p 00000000 00:00 0 
7f5430021000-7f5434000000 ---p 00000000 00:00 0 
7f5434060000-7f5434063000 ---p 00000000 00:00 0 
7f5434063000-7f5434161000 rw-p 00000000 00:00 0                          [stack:5591]
7f5434161000-7f5434164000 ---p 00000000 00:00 0 
7f5434164000-7f5434262000 rw-p 00000000 00:00 0                          [stack:5587]
7f5434262000-7f5434265000 ---p 00000000 00:00 0 
7f5434265000-7f5434363000 rw-p 00000000 00:00 0                          [stack:5580]
7f5434363000-7f5434366000 ---p 00000000 00:00 0 
7f5434366000-7f5434464000 rw-p 00000000 00:00 0                          [stack:5579]
7f5434464000-7f5434467000 ---p 00000000 00:00 0 
7f5434467000-7f5434565000 rw-p 00000000 00:00 0                          [stack:5578]
7f5434565000-7f5434568000 ---p 00000000 00:00 0 
7f5434568000-7f5434666000 rw-p 00000000 00:00 0                          [stack:5577]
7f5434666000-7f5434669000 ---p 00000000 00:00 0 
7f5434669000-7f5434767000 rw-p 00000000 00:00 0                          [stack:5576]
7f5434767000-7f543476a000 ---p 00000000 00:00 0 
7f543476a000-7f5434868000 rw-p 00000000 00:00 0                          [stack:5569]
7f5434868000-7f543486d000 r-xp 00000000 08:03 2630982                    /usr/lib/x86_64-linux-gnu/libXfixes.so.3.1.0
7f543486d000-7f5434a6c000 ---p 00005000 08:03 2630982                    /usr/lib/x86_64-linux-gnu/libXfixes.so.3.1.0
7f5434a6c000-7f5434a6d000 r--p 00004000 08:03 2630982                    /usr/lib/x86_64-linux-gnu/libXfixes.so.3.1.0
7f5434a6d000-7f5434a6e000 rw-p 00005000 08:03 2630982                    /usr/lib/x86_64-linux-gnu/libXfixes.so.3.1.0
7f5434a6e000-7f5434a77000 r-xp 00000000 08:03 2630974                    /usr/lib/x86_64-linux-gnu/libXcursor.so.1.0.2
7f5434a77000-7f5434c76000 ---p 00009000 08:03 2630974                    /usr/lib/x86_64-linux-gnu/libXcursor.so.1.0.2
7f5434c76000-7f5434c77000 r--p 00008000 08:03 2630974                    /usr/lib/x86_64-linux-gnu/libXcursor.so.1.0.2
7f5434c77000-7f5434c78000 rw-p 00009000 08:03 2630974                    /usr/lib/x86_64-linux-gnu/libXcursor.so.1.0.2
7f5434c78000-7f5434c7c000 r-xp 00000000 08:03 266313                     /lib/x86_64-linux-gnu/libgpg-error.so.0.10.0
7f5434c7c000-7f5434e7b000 ---p 00004000 08:03 266313                     /lib/x86_64-linux-gnu/libgpg-error.so.0.10.0
7f5434e7b000-7f5434e7c000 r--p 00003000 08:03 266313                     /lib/x86_64-linux-gnu/libgpg-error.so.0.10.0
7f5434e7c000-7f5434e7d000 rw-p 00004000 08:03 266313                     /lib/x86_64-linux-gnu/libgpg-error.so.0.10.0
7f5434e7d000-7f5434e7f000 r-xp 00000000 08:03 266323                     /lib/x86_64-linux-gnu/libkeyutils.so.1.4
7f5434e7f000-7f543507f000 ---p 00002000 08:03 266323                     /lib/x86_64-linux-gnu/libkeyutils.so.1.4
7f543507f000-7f5435080000 r--p 00002000 08:03 266323                     /lib/x86_64-linux-gnu/libkeyutils.so.1.4
7f5435080000-7f5435081000 rw-p 00003000 08:03 266323                     /lib/x86_64-linux-gnu/libkeyutils.so.1.4
7f5435081000-7f54350be000 r-xp 00000000 08:03 266383                     /lib/x86_64-linux-gnu/libpcre.so.3.13.1
7f54350be000-7f54352bd000 ---p 0003d000 08:03 266383                     /lib/x86_64-linux-gnu/libpcre.so.3.13.1
7f54352bd000-7f54352be000 r--p 0003c000 08:03 266383                     /lib/x86_64-linux-gnu/libpcre.so.3.13.1
7f54352be000-7f54352bf000 rw-p 0003d000 08:03 266383                     /lib/x86_64-linux-gnu/libpcre.so.3.13.1
7f54352bf000-7f54352e4000 r-xp 00000000 08:03 266395                     /lib/x86_64-linux-gnu/libpng12.so.0.50.0
7f54352e4000-7f54354e3000 ---p 00025000 08:03 266395                     /lib/x86_64-linux-gnu/libpng12.so.0.50.0
7f54354e3000-7f54354e4000 r--p 00024000 08:03 266395                     /lib/x86_64-linux-gnu/libpng12.so.0.50.0
7f54354e4000-7f54354e5000 rw-p 00025000 08:03 266395                     /lib/x86_64-linux-gnu/libpng12.so.0.50.0
7f54354e5000-7f5435529000 r-xp 00000000 08:03 273877                     /lib/x86_64-linux-gnu/libdbus-1.so.3.7.6
7f5435529000-7f5435728000 ---p 00044000 08:03 273877                     /lib/x86_64-linux-gnu/libdbus-1.so.3.7.6
7f5435728000-7f5435729000 r--p 00043000 08:03 273877                     /lib/x86_64-linux-gnu/libdbus-1.so.3.7.6
7f5435729000-7f543572a000 rw-p 00044000 08:03 273877                     /lib/x86_64-linux-gnu/libdbus-1.so.3.7.6
7f543572a000-7f5435765000 r-xp 00000000 08:03 2631694                    /usr/lib/x86_64-linux-gnu/libp11-kit.so.0.0.0
7f5435765000-7f5435964000 ---p 0003b000 08:03 2631694                    /usr/lib/x86_64-linux-gnu/libp11-kit.so.0.0.0
7f5435964000-7f543596a000 r--p 0003a000 08:03 2631694                    /usr/lib/x86_64-linux-gnu/libp11-kit.so.0.0.0
7f543596a000-7f543596c000 rw-p 00040000 08:03 2631694                    /usr/lib/x86_64-linux-gnu/libp11-kit.so.0.0.0
7f543596c000-7f543597e000 r-xp 00000000 08:03 2631879                    /usr/lib/x86_64-linux-gnu/libtasn1.so.6.2.0
7f543597e000-7f5435b7e000 ---p 00012000 08:03 2631879                    /usr/lib/x86_64-linux-gnu/libtasn1.so.6.2.0
7f5435b7e000-7f5435b7f000 r--p 00012000 08:03 2631879                    /usr/lib/x86_64-linux-gnu/libtasn1.so.6.2.0
7f5435b7f000-7f5435b80000 rw-p 00013000 08:03 2631879                    /usr/lib/x86_64-linux-gnu/libtasn1.so.6.2.0
7f5435b80000-7f5435bfc000 r-xp 00000000 08:03 273864                     /lib/x86_64-linux-gnu/libgcrypt.so.11.8.2
7f5435bfc000-7f5435dfb000 ---p 0007c000 08:03 273864                     /lib/x86_64-linux-gnu/libgcrypt.so.11.8.2
7f5435dfb000-7f5435dfc000 r--p 0007b000 08:03 273864                     /lib/x86_64-linux-gnu/libgcrypt.so.11.8.2
7f5435dfc000-7f5435dff000 rw-p 0007c000 08:03 273864                     /lib/x86_64-linux-gnu/libgcrypt.so.11.8.2
7f5435dff000-7f5435e09000 r-xp 00000000 08:03 2624098                    /usr/lib/x86_64-linux-gnu/libkrb5support.so.0.1
7f5435e09000-7f5436008000 ---p 0000a000 08:03 2624098                    /usr/lib/x86_64-linux-gnu/libkrb5support.so.0.1
7f5436008000-7f5436009000 r--p 00009000 08:03 2624098                    /usr/lib/x86_64-linux-gnu/libkrb5support.so.0.1
7f5436009000-7f543600a000 rw-p 0000a000 08:03 2624098                    /usr/lib/x86_64-linux-gnu/libkrb5support.so.0.1
7f543600a000-7f543600d000 r-xp 00000000 08:03 266271                     /lib/x86_64-linux-gnu/libcom_err.so.2.1
7f543600d000-7f543620c000 ---p 00003000 08:03 266271                     /lib/x86_64-linux-gnu/libcom_err.so.2.1
7f543620c000-7f543620d000 r--p 00002000 08:03 266271                     /lib/x86_64-linux-gnu/libcom_err.so.2.1
7f543620d000-7f543620e000 rw-p 00003000 08:03 266271                     /lib/x86_64-linux-gnu/libcom_err.so.2.1
7f543620e000-7f543623a000 r-xp 00000000 08:03 2621895                    /usr/lib/x86_64-linux-gnu/libk5crypto.so.3.1
7f543623a000-7f5436439000 ---p 0002c000 08:03 2621895                    /usr/lib/x86_64-linux-gnu/libk5crypto.so.3.1
7f5436439000-7f543643b000 r--p 0002b000 08:03 2621895                    /usr/lib/x86_64-linux-gnu/libk5crypto.so.3.1
7f543643b000-7f543643c000 rw-p 0002d000 08:03 2621895                    /usr/lib/x86_64-linux-gnu/libk5crypto.so.3.1
7f543643c000-7f543643d000 rw-p 00000000 00:00 0 
7f543643d000-7f54364f9000 r-xp 00000000 08:03 2624096                    /usr/lib/x86_64-linux-gnu/libkrb5.so.3.3
7f54364f9000-7f54366f9000 ---p 000bc000 08:03 2624096                    /usr/lib/x86_64-linux-gnu/libkrb5.so.3.3
7f54366f9000-7f5436706000 r--p 000bc000 08:03 2624096                    /usr/lib/x86_64-linux-gnu/libkrb5.so.3.3
7f5436706000-7f5436708000 rw-p 000c9000 08:03 2624096                    /usr/lib/x86_64-linux-gnu/libkrb5.so.3.3
7f5436708000-7f543670d000 r-xp 00000000 08:03 2630978                    /usr/lib/x86_64-linux-gnu/libXdmcp.so.6.0.0
7f543670d000-7f543690c000 ---p 00005000 08:03 2630978                    /usr/lib/x86_64-linux-gnu/libXdmcp.so.6.0.0
7f543690c000-7f543690d000 r--p 00004000 08:03 2630978                    /usr/lib/x86_64-linux-gnu/libXdmcp.so.6.0.0
7f543690d000-7f543690e000 rw-p 00005000 08:03 2630978                    /usr/lib/x86_64-linux-gnu/libXdmcp.so.6.0.0
7f543690e000-7f5436910000 r-xp 00000000 08:03 2630967                    /usr/lib/x86_64-linux-gnu/libXau.so.6.0.0
7f5436910000-7f5436b10000 ---p 00002000 08:03 2630967                    /usr/lib/x86_64-linux-gnu/libXau.so.6.0.0
7f5436b10000-7f5436b11000 r--p 00002000 08:03 2630967                    /usr/lib/x86_64-linux-gnu/libXau.so.6.0.0
7f5436b11000-7f5436b12000 rw-p 00003000 08:03 2630967                    /usr/lib/x86_64-linux-gnu/libXau.so.6.0.0
7f5436b12000-7f5436b19000 r-xp 00000000 08:03 2631245                    /usr/lib/x86_64-linux-gnu/libffi.so.6.0.1
7f5436b19000-7f5436d18000 ---p 00007000 08:03 2631245                    /usr/lib/x86_64-linux-gnu/libffi.so.6.0.1
7f5436d18000-7f5436d19000 r--p 00006000 08:03 2631245                    /usr/lib/x86_64-linux-gnu/libffi.so.6.0.1
7f5436d19000-7f5436d1a000 rw-p 00007000 08:03 2631245                    /usr/lib/x86_64-linux-gnu/libffi.so.6.0.1
7f5436d1a000-7f5436d31000 r-xp 00000000 08:03 262708                     /lib/x86_64-linux-gnu/libresolv-2.19.so
7f5436d31000-7f5436f31000 ---p 00017000 08:03 262708                     /lib/x86_64-linux-gnu/libresolv-2.19.so
7f5436f31000-7f5436f32000 r--p 00017000 08:03 262708                     /lib/x86_64-linux-gnu/libresolv-2.19.so
7f5436f32000-7f5436f33000 rw-p 00018000 08:03 262708                     /lib/x86_64-linux-gnu/libresolv-2.19.so
7f5436f33000-7f5436f35000 rw-p 00000000 00:00 0 
7f5436f35000-7f5436f55000 r-xp 00000000 08:03 266410                     /lib/x86_64-linux-gnu/libselinux.so.1
7f5436f55000-7f5437154000 ---p 00020000 08:03 266410                     /lib/x86_64-linux-gnu/libselinux.so.1
7f5437154000-7f5437155000 r--p 0001f000 08:03 266410                     /lib/x86_64-linux-gnu/libselinux.so.1
7f5437155000-7f5437156000 rw-p 00020000 08:03 266410                     /lib/x86_64-linux-gnu/libselinux.so.1
7f5437156000-7f5437158000 rw-p 00000000 00:00 0 
7f5437158000-7f543725e000 r-xp 00000000 08:03 266243                     /lib/x86_64-linux-gnu/libglib-2.0.so.0.4002.0
7f543725e000-7f543745d000 ---p 00106000 08:03 266243                     /lib/x86_64-linux-gnu/libglib-2.0.so.0.4002.0
7f543745d000-7f543745e000 r--p 00105000 08:03 266243                     /lib/x86_64-linux-gnu/libglib-2.0.so.0.4002.0
7f543745e000-7f543745f000 rw-p 00106000 08:03 266243                     /lib/x86_64-linux-gnu/libglib-2.0.so.0.4002.0
7f543745f000-7f5437460000 rw-p 00000000 00:00 0 
7f5437460000-7f5437463000 r-xp 00000000 08:03 2621804                    /usr/lib/x86_64-linux-gnu/libgmodule-2.0.so.0.4002.0
7f5437463000-7f5437662000 ---p 00003000 08:03 2621804                    /usr/lib/x86_64-linux-gnu/libgmodule-2.0.so.0.4002.0
7f5437662000-7f5437663000 r--p 00002000 08:03 2621804                    /usr/lib/x86_64-linux-gnu/libgmodule-2.0.so.0.4002.0
7f5437663000-7f5437664000 rw-p 00003000 08:03 2621804                    /usr/lib/x86_64-linux-gnu/libgmodule-2.0.so.0.4002.0
7f5437664000-7f543768b000 r-xp 00000000 08:03 266302                     /lib/x86_64-linux-gnu/libexpat.so.1.6.0
7f543768b000-7f543788b000 ---p 00027000 08:03 266302                     /lib/x86_64-linux-gnu/libexpat.so.1.6.0
7f543788b000-7f543788d000 r--p 00027000 08:03 266302                     /lib/x86_64-linux-gnu/libexpat.so.1.6.0
7f543788d000-7f543788e000 rw-p 00029000 08:03 266302                     /lib/x86_64-linux-gnu/libexpat.so.1.6.0
7f543788e000-7f543792b000 r-xp 00000000 08:03 2621776                    /usr/lib/x86_64-linux-gnu/libfreetype.so.6.11.1
7f543792b000-7f5437b2a000 ---p 0009d000 08:03 2621776                    /usr/lib/x86_64-linux-gnu/libfreetype.so.6.11.1
7f5437b2a000-7f5437b30000 r--p 0009c000 08:03 2621776                    /usr/lib/x86_64-linux-gnu/libfreetype.so.6.11.1
7f5437b30000-7f5437b31000 rw-p 000a2000 08:03 2621776                    /usr/lib/x86_64-linux-gnu/libfreetype.so.6.11.1
7f5437b31000-7f5437b40000 r-xp 00000000 08:03 2631071                    /usr/lib/x86_64-linux-gnu/libavahi-client.so.3.2.9
7f5437b40000-7f5437d40000 ---p 0000f000 08:03 2631071                    /usr/lib/x86_64-linux-gnu/libavahi-client.so.3.2.9
7f5437d40000-7f5437d41000 r--p 0000f000 08:03 2631071                    /usr/lib/x86_64-linux-gnu/libavahi-client.so.3.2.9
7f5437d41000-7f5437d42000 rw-p 00010000 08:03 2631071                    /usr/lib/x86_64-linux-gnu/libavahi-client.so.3.2.9
7f5437d42000-7f5437df8000 r-xp 00000000 08:03 2631374                    /usr/lib/x86_64-linux-gnu/libgnutls.so.26.22.6
7f5437df8000-7f5437ff8000 ---p 000b6000 08:03 2631374                    /usr/lib/x86_64-linux-gnu/libgnutls.so.26.22.6
7f5437ff8000-7f5437ffe000 r--p 000b6000 08:03 2631374                    /usr/lib/x86_64-linux-gnu/libgnutls.so.26.22.6
7f5437ffe000-7f5437fff000 rw-p 000bc000 08:03 2631374                    /usr/lib/x86_64-linux-gnu/libgnutls.so.26.22.6
7f5437fff000-7f5438000000 rw-p 00000000 00:00 0 
7f5438000000-7f5438021000 rw-p 00000000 00:00 0 
7f5438021000-7f543c000000 ---p 00000000 00:00 0 
7f543c004000-7f543c00f000 r-xp 00000000 08:03 2631073                    /usr/lib/x86_64-linux-gnu/libavahi-common.so.3.5.3
7f543c00f000-7f543c20e000 ---p 0000b000 08:03 2631073                    /usr/lib/x86_64-linux-gnu/libavahi-common.so.3.5.3
7f543c20e000-7f543c20f000 r--p 0000a000 08:03 2631073                    /usr/lib/x86_64-linux-gnu/libavahi-common.so.3.5.3
7f543c20f000-7f543c210000 rw-p 0000b000 08:03 2631073                    /usr/lib/x86_64-linux-gnu/libavahi-common.so.3.5.3
7f543c210000-7f543c253000 r-xp 00000000 08:03 2624093                    /usr/lib/x86_64-linux-gnu/libgssapi_krb5.so.2.2
7f543c253000-7f543c453000 ---p 00043000 08:03 2624093                    /usr/lib/x86_64-linux-gnu/libgssapi_krb5.so.2.2
7f543c453000-7f543c454000 r--p 00043000 08:03 2624093                    /usr/lib/x86_64-linux-gnu/libgssapi_krb5.so.2.2
7f543c454000-7f543c456000 rw-p 00044000 08:03 2624093                    /usr/lib/x86_64-linux-gnu/libgssapi_krb5.so.2.2
7f543c456000-7f543c473000 r-xp 00000000 08:03 2632037                    /usr/lib/x86_64-linux-gnu/libxcb.so.1.1.0
7f543c473000-7f543c673000 ---p 0001d000 08:03 2632037                    /usr/lib/x86_64-linux-gnu/libxcb.so.1.1.0
7f543c673000-7f543c674000 r--p 0001d000 08:03 2632037                    /usr/lib/x86_64-linux-gnu/libxcb.so.1.1.0
7f543c674000-7f543c675000 rw-p 0001e000 08:03 2632037                    /usr/lib/x86_64-linux-gnu/libxcb.so.1.1.0
7f543c675000-7f543c6c4000 r-xp 00000000 08:03 2621822                    /usr/lib/x86_64-linux-gnu/libgobject-2.0.so.0.4002.0
7f543c6c4000-7f543c8c4000 ---p 0004f000 08:03 2621822                    /usr/lib/x86_64-linux-gnu/libgobject-2.0.so.0.4002.0
7f543c8c4000-7f543c8c5000 r--p 0004f000 08:03 2621822                    /usr/lib/x86_64-linux-gnu/libgobject-2.0.so.0.4002.0
7f543c8c5000-7f543c8c6000 rw-p 00050000 08:03 2621822                    /usr/lib/x86_64-linux-gnu/libgobject-2.0.so.0.4002.0
7f543c8c6000-7f543ca32000 r-xp 00000000 08:03 2621826                    /usr/lib/x86_64-linux-gnu/libgio-2.0.so.0.4002.0
7f543ca32000-7f543cc31000 ---p 0016c000 08:03 2621826                    /usr/lib/x86_64-linux-gnu/libgio-2.0.so.0.4002.0
7f543cc31000-7f543cc35000 r--p 0016b000 08:03 2621826                    /usr/lib/x86_64-linux-gnu/libgio-2.0.so.0.4002.0
7f543cc35000-7f543cc37000 rw-p 0016f000 08:03 2621826                    /usr/lib/x86_64-linux-gnu/libgio-2.0.so.0.4002.0
7f543cc37000-7f543cc39000 rw-p 00000000 00:00 0 
7f543cc39000-7f543cc73000 r-xp 00000000 08:03 2631259                    /usr/lib/x86_64-linux-gnu/libfontconfig.so.1.8.0
7f543cc73000-7f543ce72000 ---p 0003a000 08:03 2631259                    /usr/lib/x86_64-linux-gnu/libfontconfig.so.1.8.0
7f543ce72000-7f543ce74000 r--p 00039000 08:03 2631259                    /usr/lib/x86_64-linux-gnu/libfontconfig.so.1.8.0
7f543ce74000-7f543ce75000 rw-p 0003b000 08:03 2631259                    /usr/lib/x86_64-linux-gnu/libfontconfig.so.1.8.0
7f543ce75000-7f543cee1000 r-xp 00000000 08:03 2622109                    /usr/lib/x86_64-linux-gnu/libcups.so.2
7f543cee1000-7f543d0e1000 ---p 0006c000 08:03 2622109                    /usr/lib/x86_64-linux-gnu/libcups.so.2
7f543d0e1000-7f543d0e8000 r--p 0006c000 08:03 2622109                    /usr/lib/x86_64-linux-gnu/libcups.so.2
7f543d0e8000-7f543d0e9000 rw-p 00073000 08:03 2622109                    /usr/lib/x86_64-linux-gnu/libcups.so.2
7f543d0e9000-7f543d0f8000 r-xp 00000000 08:03 2630988                    /usr/lib/x86_64-linux-gnu/libXi.so.6.1.0
7f543d0f8000-7f543d2f7000 ---p 0000f000 08:03 2630988                    /usr/lib/x86_64-linux-gnu/libXi.so.6.1.0
7f543d2f7000-7f543d2f8000 r--p 0000e000 08:03 2630988                    /usr/lib/x86_64-linux-gnu/libXi.so.6.1.0
7f543d2f8000-7f543d2f9000 rw-p 0000f000 08:03 2630988                    /usr/lib/x86_64-linux-gnu/libXi.so.6.1.0
7f543d2f9000-7f543d2fe000 r-xp 00000000 08:03 2631008                    /usr/lib/x86_64-linux-gnu/libXtst.so.6.1.0
7f543d2fe000-7f543d4fd000 ---p 00005000 08:03 2631008                    /usr/lib/x86_64-linux-gnu/libXtst.so.6.1.0
7f543d4fd000-7f543d4fe000 r--p 00004000 08:03 2631008                    /usr/lib/x86_64-linux-gnu/libXtst.so.6.1.0
7f543d4fe000-7f543d4ff000 rw-p 00005000 08:03 2631008                    /usr/lib/x86_64-linux-gnu/libXtst.so.6.1.0
7f543d4ff000-7f543d508000 r-xp 00000000 08:03 2631002                    /usr/lib/x86_64-linux-gnu/libXrender.so.1.3.0
7f543d508000-7f543d707000 ---p 00009000 08:03 2631002                    /usr/lib/x86_64-linux-gnu/libXrender.so.1.3.0
7f543d707000-7f543d708000 r--p 00008000 08:03 2631002                    /usr/lib/x86_64-linux-gnu/libXrender.so.1.3.0
7f543d708000-7f543d709000 rw-p 00009000 08:03 2631002                    /usr/lib/x86_64-linux-gnu/libXrender.so.1.3.0
7f543d709000-7f543d839000 r-xp 00000000 08:03 2630963                    /usr/lib/x86_64-linux-gnu/libX11.so.6.3.0
7f543d839000-7f543da39000 ---p 00130000 08:03 2630963                    /usr/lib/x86_64-linux-gnu/libX11.so.6.3.0
7f543da39000-7f543da3a000 r--p 00130000 08:03 2630963                    /usr/lib/x86_64-linux-gnu/libX11.so.6.3.0
7f543da3a000-7f543da3e000 rw-p 00131000 08:03 2630963                    /usr/lib/x86_64-linux-gnu/libX11.so.6.3.0
7f543da3e000-7f543da4f000 r-xp 00000000 08:03 2630980                    /usr/lib/x86_64-linux-gnu/libXext.so.6.4.0
7f543da4f000-7f543dc4e000 ---p 00011000 08:03 2630980                    /usr/lib/x86_64-linux-gnu/libXext.so.6.4.0
7f543dc4e000-7f543dc4f000 r--p 00010000 08:03 2630980                    /usr/lib/x86_64-linux-gnu/libXext.so.6.4.0
7f543dc4f000-7f543dc50000 rw-p 00011000 08:03 2630980                    /usr/lib/x86_64-linux-gnu/libXext.so.6.4.0
7f543dc50000-7f5440000000 rw-p 00000000 00:00 0 
7f5440000000-7f5440021000 rw-p 00000000 00:00 0 
7f5440021000-7f5444000000 ---p 00000000 00:00 0 
7f54440fe000-7f5444101000 ---p 00000000 00:00 0 
7f5444101000-7f54441ff000 rw-p 00000000 00:00 0                          [stack:5568]
7f54441ff000-7f5444247000 r-xp 00000000 08:03 2635185                    /usr/lib/jvm/java-7-openjdk-amd64/jre/lib/amd64/xawt/libmawt.so
7f5444247000-7f5444446000 ---p 00048000 08:03 2635185                    /usr/lib/jvm/java-7-openjdk-amd64/jre/lib/amd64/xawt/libmawt.so
7f5444446000-7f5444447000 r--p 00047000 08:03 2635185                    /usr/lib/jvm/java-7-openjdk-amd64/jre/lib/amd64/xawt/libmawt.so
7f5444447000-7f544444a000 rw-p 00048000 08:03 2635185                    /usr/lib/jvm/java-7-openjdk-amd64/jre/lib/amd64/xawt/libmawt.so
7f544444a000-7f544444b000 rw-p 00000000 00:00 0 
7f544444b000-7f54444eb000 r-xp 00000000 08:03 2635085                    /usr/lib/jvm/java-7-openjdk-amd64/jre/lib/amd64/libawt.so
7f54444eb000-7f54446eb000 ---p 000a0000 08:03 2635085                    /usr/lib/jvm/java-7-openjdk-amd64/jre/lib/amd64/libawt.so
7f54446eb000-7f54446ec000 r--p 000a0000 08:03 2635085                    /usr/lib/jvm/java-7-openjdk-amd64/jre/lib/amd64/libawt.so
7f54446ec000-7f54446f7000 rw-p 000a1000 08:03 2635085                    /usr/lib/jvm/java-7-openjdk-amd64/jre/lib/amd64/libawt.so
7f54446f7000-7f544471c000 rw-p 00000000 00:00 0 
7f544471c000-7f544471d000 ---p 00000000 00:00 0 
7f544471d000-7f544481d000 rw-p 00000000 00:00 0                          [stack:5566]
7f544481d000-7f5444820000 ---p 00000000 00:00 0 
7f5444820000-7f544491e000 rw-p 00000000 00:00 0                          [stack:5565]
7f544491e000-7f5445000000 r--p 00000000 08:03 2629615                    /usr/lib/locale/locale-archive
7f5445000000-7f5445270000 rwxp 00000000 00:00 0 
7f5445270000-7f5448270000 rw-p 00000000 00:00 0 
7f5448270000-7f544c000000 ---p 00000000 00:00 0 
7f544c022000-7f544c053000 rw-p 00000000 00:00 0 
7f544c053000-7f544c05c000 r--s 000b9000 08:03 2635040                    /usr/lib/jvm/java-7-openjdk-amd64/jre/lib/resources.jar
7f544c05c000-7f544c063000 r--s 00000000 08:03 2885893                    /usr/lib/x86_64-linux-gnu/gconv/gconv-modules.cache
7f544c063000-7f544c089000 r--p 00000000 08:03 137087                     /usr/share/locale-langpack/es/LC_MESSAGES/libc.mo
7f544c089000-7f544c093000 r--s 00203000 08:03 2635060                    /usr/lib/jvm/java-7-openjdk-amd64/jre/lib/charsets.jar
7f544c093000-7f544c096000 ---p 00000000 00:00 0 
7f544c096000-7f544c194000 rw-p 00000000 00:00 0                          [stack:5564]
7f544c194000-7f544c197000 ---p 00000000 00:00 0 
7f544c197000-7f544c295000 rw-p 00000000 00:00 0                          [stack:5563]
7f544c295000-7f544c298000 ---p 00000000 00:00 0 
7f544c298000-7f544c396000 rw-p 00000000 00:00 0                          [stack:5562]
7f544c396000-7f544c399000 ---p 00000000 00:00 0 
7f544c399000-7f544c497000 rw-p 00000000 00:00 0                          [stack:5561]
7f544c497000-7f544c49a000 ---p 00000000 00:00 0 
7f544c49a000-7f544c598000 rw-p 00000000 00:00 0                          [stack:5560]
7f544c598000-7f544c599000 ---p 00000000 00:00 0 
7f544c599000-7f544d696000 rw-p 00000000 00:00 0                          [stack:5559]
7f544d696000-7f544d848000 r--s 01d23000 08:03 2635038                    /usr/lib/jvm/java-7-openjdk-amd64/jre/lib/rt.jar
7f544d848000-7f544db7c000 rw-p 00000000 00:00 0 
7f544db7c000-7f544db7d000 ---p 00000000 00:00 0 
7f544db7d000-7f544dc7d000 rw-p 00000000 00:00 0                          [stack:5558]
7f544dc7d000-7f544dc7e000 ---p 00000000 00:00 0 
7f544dc7e000-7f544dd7e000 rw-p 00000000 00:00 0                          [stack:5557]
7f544dd7e000-7f544dd7f000 ---p 00000000 00:00 0 
7f544dd7f000-7f544de7f000 rw-p 00000000 00:00 0                          [stack:5556]
7f544de7f000-7f544de80000 ---p 00000000 00:00 0 
7f544de80000-7f544df8b000 rw-p 00000000 00:00 0                          [stack:5555]
7f544df8b000-7f544dfd3000 rw-p 00000000 00:00 0 
7f544dfd3000-7f544dfe8000 rw-p 00000000 00:00 0 
7f544dfe8000-7f544e119000 rw-p 00000000 00:00 0 
7f544e119000-7f544e124000 rw-p 00000000 00:00 0 
7f544e124000-7f544e16c000 rw-p 00000000 00:00 0 
7f544e16c000-7f544e181000 rw-p 00000000 00:00 0 
7f544e181000-7f544e2b1000 rw-p 00000000 00:00 0 
7f544e2b1000-7f544e317000 rw-p 00000000 00:00 0 
7f544e317000-7f544e354000 rw-p 00000000 00:00 0 
7f544e354000-7f544e355000 rw-p 00000000 00:00 0 
7f544e355000-7f544e35d000 r-xp 00000000 08:03 2635100                    /usr/lib/jvm/java-7-openjdk-amd64/jre/lib/amd64/libzip.so
7f544e35d000-7f544e55c000 ---p 00008000 08:03 2635100                    /usr/lib/jvm/java-7-openjdk-amd64/jre/lib/amd64/libzip.so
7f544e55c000-7f544e55d000 r--p 00007000 08:03 2635100                    /usr/lib/jvm/java-7-openjdk-amd64/jre/lib/amd64/libzip.so
7f544e55d000-7f544e55e000 rw-p 00008000 08:03 2635100                    /usr/lib/jvm/java-7-openjdk-amd64/jre/lib/amd64/libzip.so
7f544e55e000-7f544e569000 r-xp 00000000 08:03 262712                     /lib/x86_64-linux-gnu/libnss_files-2.19.so
7f544e569000-7f544e768000 ---p 0000b000 08:03 262712                     /lib/x86_64-linux-gnu/libnss_files-2.19.so
7f544e768000-7f544e769000 r--p 0000a000 08:03 262712                     /lib/x86_64-linux-gnu/libnss_files-2.19.so
7f544e769000-7f544e76a000 rw-p 0000b000 08:03 262712                     /lib/x86_64-linux-gnu/libnss_files-2.19.so
7f544e76a000-7f544e775000 r-xp 00000000 08:03 262750                     /lib/x86_64-linux-gnu/libnss_nis-2.19.so
7f544e775000-7f544e974000 ---p 0000b000 08:03 262750                     /lib/x86_64-linux-gnu/libnss_nis-2.19.so
7f544e974000-7f544e975000 r--p 0000a000 08:03 262750                     /lib/x86_64-linux-gnu/libnss_nis-2.19.so
7f544e975000-7f544e976000 rw-p 0000b000 08:03 262750                     /lib/x86_64-linux-gnu/libnss_nis-2.19.so
7f544e976000-7f544e98d000 r-xp 00000000 08:03 262730                     /lib/x86_64-linux-gnu/libnsl-2.19.so
7f544e98d000-7f544eb8c000 ---p 00017000 08:03 262730                     /lib/x86_64-linux-gnu/libnsl-2.19.so
7f544eb8c000-7f544eb8d000 r--p 00016000 08:03 262730                     /lib/x86_64-linux-gnu/libnsl-2.19.so
7f544eb8d000-7f544eb8e000 rw-p 00017000 08:03 262730                     /lib/x86_64-linux-gnu/libnsl-2.19.so
7f544eb8e000-7f544eb90000 rw-p 00000000 00:00 0 
7f544eb90000-7f544eb99000 r-xp 00000000 08:03 262728                     /lib/x86_64-linux-gnu/libnss_compat-2.19.so
7f544eb99000-7f544ed98000 ---p 00009000 08:03 262728                     /lib/x86_64-linux-gnu/libnss_compat-2.19.so
7f544ed98000-7f544ed99000 r--p 00008000 08:03 262728                     /lib/x86_64-linux-gnu/libnss_compat-2.19.so
7f544ed99000-7f544ed9a000 rw-p 00009000 08:03 262728                     /lib/x86_64-linux-gnu/libnss_compat-2.19.so
7f544ed9a000-7f544edc5000 r-xp 00000000 08:03 2635084                    /usr/lib/jvm/java-7-openjdk-amd64/jre/lib/amd64/libjava.so
7f544edc5000-7f544efc5000 ---p 0002b000 08:03 2635084                    /usr/lib/jvm/java-7-openjdk-amd64/jre/lib/amd64/libjava.so
7f544efc5000-7f544efc6000 r--p 0002b000 08:03 2635084                    /usr/lib/jvm/java-7-openjdk-amd64/jre/lib/amd64/libjava.so
7f544efc6000-7f544efc8000 rw-p 0002c000 08:03 2635084                    /usr/lib/jvm/java-7-openjdk-amd64/jre/lib/amd64/libjava.so
7f544efc8000-7f544efd8000 r-xp 00000000 08:03 2635083                    /usr/lib/jvm/java-7-openjdk-amd64/jre/lib/amd64/libverify.so
7f544efd8000-7f544f1d7000 ---p 00010000 08:03 2635083                    /usr/lib/jvm/java-7-openjdk-amd64/jre/lib/amd64/libverify.so
7f544f1d7000-7f544f1d9000 r--p 0000f000 08:03 2635083                    /usr/lib/jvm/java-7-openjdk-amd64/jre/lib/amd64/libverify.so
7f544f1d9000-7f544f1da000 rw-p 00011000 08:03 2635083                    /usr/lib/jvm/java-7-openjdk-amd64/jre/lib/amd64/libverify.so
7f544f1da000-7f544f1e1000 r-xp 00000000 08:03 262746                     /lib/x86_64-linux-gnu/librt-2.19.so
7f544f1e1000-7f544f3e0000 ---p 00007000 08:03 262746                     /lib/x86_64-linux-gnu/librt-2.19.so
7f544f3e0000-7f544f3e1000 r--p 00006000 08:03 262746                     /lib/x86_64-linux-gnu/librt-2.19.so
7f544f3e1000-7f544f3e2000 rw-p 00007000 08:03 262746                     /lib/x86_64-linux-gnu/librt-2.19.so
7f544f3e2000-7f544f3f8000 r-xp 00000000 08:03 273798                     /lib/x86_64-linux-gnu/libgcc_s.so.1
7f544f3f8000-7f544f5f7000 ---p 00016000 08:03 273798                     /lib/x86_64-linux-gnu/libgcc_s.so.1
7f544f5f7000-7f544f5f8000 rw-p 00015000 08:03 273798                     /lib/x86_64-linux-gnu/libgcc_s.so.1
7f544f5f8000-7f544f6fd000 r-xp 00000000 08:03 262710                     /lib/x86_64-linux-gnu/libm-2.19.so
7f544f6fd000-7f544f8fc000 ---p 00105000 08:03 262710                     /lib/x86_64-linux-gnu/libm-2.19.so
7f544f8fc000-7f544f8fd000 r--p 00104000 08:03 262710                     /lib/x86_64-linux-gnu/libm-2.19.so
7f544f8fd000-7f544f8fe000 rw-p 00105000 08:03 262710                     /lib/x86_64-linux-gnu/libm-2.19.so
7f544f8fe000-7f544f9e4000 r-xp 00000000 08:03 2631873                    /usr/lib/x86_64-linux-gnu/libstdc++.so.6.0.19
7f544f9e4000-7f544fbe3000 ---p 000e6000 08:03 2631873                    /usr/lib/x86_64-linux-gnu/libstdc++.so.6.0.19
7f544fbe3000-7f544fbeb000 r--p 000e5000 08:03 2631873                    /usr/lib/x86_64-linux-gnu/libstdc++.so.6.0.19
7f544fbeb000-7f544fbed000 rw-p 000ed000 08:03 2631873                    /usr/lib/x86_64-linux-gnu/libstdc++.so.6.0.19
7f544fbed000-7f544fc02000 rw-p 00000000 00:00 0 
7f544fc02000-7f545071a000 r-xp 00000000 08:03 2635089                    /usr/lib/jvm/java-7-openjdk-amd64/jre/lib/amd64/server/libjvm.so
7f545071a000-7f545091a000 ---p 00b18000 08:03 2635089                    /usr/lib/jvm/java-7-openjdk-amd64/jre/lib/amd64/server/libjvm.so
7f545091a000-7f54509b4000 r--p 00b18000 08:03 2635089                    /usr/lib/jvm/java-7-openjdk-amd64/jre/lib/amd64/server/libjvm.so
7f54509b4000-7f54509d7000 rw-p 00bb2000 08:03 2635089                    /usr/lib/jvm/java-7-openjdk-amd64/jre/lib/amd64/server/libjvm.so
7f54509d7000-7f5450a05000 rw-p 00000000 00:00 0 
7f5450a05000-7f5450a1d000 r-xp 00000000 08:03 266443                     /lib/x86_64-linux-gnu/libz.so.1.2.8
7f5450a1d000-7f5450c1c000 ---p 00018000 08:03 266443                     /lib/x86_64-linux-gnu/libz.so.1.2.8
7f5450c1c000-7f5450c1d000 r--p 00017000 08:03 266443                     /lib/x86_64-linux-gnu/libz.so.1.2.8
7f5450c1d000-7f5450c1e000 rw-p 00018000 08:03 266443                     /lib/x86_64-linux-gnu/libz.so.1.2.8
7f5450c1e000-7f5450c37000 r-xp 00000000 08:03 262742                     /lib/x86_64-linux-gnu/libpthread-2.19.so
7f5450c37000-7f5450e36000 ---p 00019000 08:03 262742                     /lib/x86_64-linux-gnu/libpthread-2.19.so
7f5450e36000-7f5450e37000 r--p 00018000 08:03 262742                     /lib/x86_64-linux-gnu/libpthread-2.19.so
7f5450e37000-7f5450e38000 rw-p 00019000 08:03 262742                     /lib/x86_64-linux-gnu/libpthread-2.19.so
7f5450e38000-7f5450e3c000 rw-p 00000000 00:00 0 
7f5450e3c000-7f5450e3f000 r-xp 00000000 08:03 262718                     /lib/x86_64-linux-gnu/libdl-2.19.so
7f5450e3f000-7f545103e000 ---p 00003000 08:03 262718                     /lib/x86_64-linux-gnu/libdl-2.19.so
7f545103e000-7f545103f000 r--p 00002000 08:03 262718                     /lib/x86_64-linux-gnu/libdl-2.19.so
7f545103f000-7f5451040000 rw-p 00003000 08:03 262718                     /lib/x86_64-linux-gnu/libdl-2.19.so
7f5451040000-7f54511fb000 r-xp 00000000 08:03 262740                     /lib/x86_64-linux-gnu/libc-2.19.so
7f54511fb000-7f54513fa000 ---p 001bb000 08:03 262740                     /lib/x86_64-linux-gnu/libc-2.19.so
7f54513fa000-7f54513fe000 r--p 001ba000 08:03 262740                     /lib/x86_64-linux-gnu/libc-2.19.so
7f54513fe000-7f5451400000 rw-p 001be000 08:03 262740                     /lib/x86_64-linux-gnu/libc-2.19.so
7f5451400000-7f5451405000 rw-p 00000000 00:00 0 
7f5451405000-7f5451412000 r-xp 00000000 08:03 2635066                    /usr/lib/jvm/java-7-openjdk-amd64/jre/lib/amd64/jli/libjli.so
7f5451412000-7f5451611000 ---p 0000d000 08:03 2635066                    /usr/lib/jvm/java-7-openjdk-amd64/jre/lib/amd64/jli/libjli.so
7f5451611000-7f5451612000 r--p 0000c000 08:03 2635066                    /usr/lib/jvm/java-7-openjdk-amd64/jre/lib/amd64/jli/libjli.so
7f5451612000-7f5451613000 rw-p 0000d000 08:03 2635066                    /usr/lib/jvm/java-7-openjdk-amd64/jre/lib/amd64/jli/libjli.so
7f5451613000-7f5451636000 r-xp 00000000 08:03 262734                     /lib/x86_64-linux-gnu/ld-2.19.so
7f5451637000-7f5451658000 rw-p 00000000 00:00 0 
7f5451658000-7f545170e000 rw-p 00000000 00:00 0 
7f545170e000-7f5451711000 ---p 00000000 00:00 0 
7f5451711000-7f5451814000 rw-p 00000000 00:00 0                          [stack:5554]
7f5451815000-7f5451816000 rw-p 00000000 00:00 0 
7f5451816000-7f5451818000 r--s 00006000 08:03 3031379                    /usr/share/java/java-atk-wrapper.jar
7f5451818000-7f545181b000 r--s 0000f000 08:03 2635042                    /usr/lib/jvm/java-7-openjdk-amd64/jre/lib/ext/icedtea-sound.jar
7f545181b000-7f545181f000 r--s 0003c000 08:03 2635043                    /usr/lib/jvm/java-7-openjdk-amd64/jre/lib/ext/sunpkcs11.jar
7f545181f000-7f5451822000 r--s 00086000 08:03 2635047                    /usr/lib/jvm/java-7-openjdk-amd64/jre/lib/ext/localedata.jar
7f5451822000-7f5451823000 r--s 00002000 08:03 2635046                    /usr/lib/jvm/java-7-openjdk-amd64/jre/lib/ext/dnsns.jar
7f5451823000-7f5451827000 r--s 00034000 08:03 2635044                    /usr/lib/jvm/java-7-openjdk-amd64/jre/lib/ext/sunjce_provider.jar
7f5451827000-7f5451829000 r--s 00012000 08:03 2635045                    /usr/lib/jvm/java-7-openjdk-amd64/jre/lib/ext/zipfs.jar
7f5451829000-7f5451831000 rw-s 00000000 08:03 1443320                    /tmp/hsperfdata_sandok/5548
7f5451831000-7f5451832000 rw-p 00000000 00:00 0 
7f5451832000-7f5451833000 ---p 00000000 00:00 0 
7f5451833000-7f5451835000 rw-p 00000000 00:00 0 
7f5451835000-7f5451836000 r--p 00022000 08:03 262734                     /lib/x86_64-linux-gnu/ld-2.19.so
7f5451836000-7f5451837000 rw-p 00023000 08:03 262734                     /lib/x86_64-linux-gnu/ld-2.19.so
7f5451837000-7f5451838000 rw-p 00000000 00:00 0 
7fffa4a45000-7fffa4a66000 rw-p 00000000 00:00 0                          [stack]
7fffa4baa000-7fffa4bac000 r-xp 00000000 00:00 0                          [vdso]
ffffffffff600000-ffffffffff601000 r-xp 00000000 00:00 0                  [vsyscall]

VM Arguments:
jvm_args: -Dfile.encoding=UTF-8 
java_command: Principal
Launcher Type: SUN_STANDARD

Environment Variables:
PATH=/usr/local/sbin:/usr/local/bin:/usr/sbin:/usr/bin:/sbin:/bin:/usr/games:/usr/local/games
SHELL=/bin/bash
DISPLAY=:0

Signal Handlers:
SIGSEGV: [libjvm.so+0x94b4b0], sa_mask[0]=0x7ffbfeff, sa_flags=0x10000004
SIGBUS: [libjvm.so+0x94b4b0], sa_mask[0]=0x7ffbfeff, sa_flags=0x10000004
SIGFPE: [libjvm.so+0x7c3390], sa_mask[0]=0x7ffbfeff, sa_flags=0x10000004
SIGPIPE: [libjvm.so+0x7c3390], sa_mask[0]=0x7ffbfeff, sa_flags=0x10000004
SIGXFSZ: [libjvm.so+0x7c3390], sa_mask[0]=0x7ffbfeff, sa_flags=0x10000004
SIGILL: [libjvm.so+0x7c3390], sa_mask[0]=0x7ffbfeff, sa_flags=0x10000004
SIGUSR1: SIG_DFL, sa_mask[0]=0x00000000, sa_flags=0x00000000
SIGUSR2: [libjvm.so+0x7c3230], sa_mask[0]=0x00000004, sa_flags=0x10000004
SIGHUP: [libjvm.so+0x7c3410], sa_mask[0]=0x7ffbfeff, sa_flags=0x10000004
SIGINT: [libjvm.so+0x7c3410], sa_mask[0]=0x7ffbfeff, sa_flags=0x10000004
SIGTERM: [libjvm.so+0x7c3410], sa_mask[0]=0x7ffbfeff, sa_flags=0x10000004
SIGQUIT: [libjvm.so+0x7c3410], sa_mask[0]=0x7ffbfeff, sa_flags=0x10000004
SIGTRAP: SIG_DFL, sa_mask[0]=0x00000000, sa_flags=0x00000000


---------------  S Y S T E M  ---------------

OS:Ubuntu 14.04 (trusty)
uname:Linux 3.13.0-46-generic #79-Ubuntu SMP Tue Mar 10 20:06:50 UTC 2015 x86_64
libc:glibc 2.19 NPTL 2.19 
rlimit: STACK 8192k, CORE 0k, NPROC 31034, NOFILE 4096, AS infinity
load average:4,44 1,75 1,06

/proc/meminfo:
MemTotal:        3994064 kB
MemFree:          117548 kB
Buffers:             132 kB
Cached:           414972 kB
SwapCached:            0 kB
Active:          3300408 kB
Inactive:         405868 kB
Active(anon):    3299408 kB
Inactive(anon):   385200 kB
Active(file):       1000 kB
Inactive(file):    20668 kB
Unevictable:          48 kB
Mlocked:              48 kB
SwapTotal:             0 kB
SwapFree:              0 kB
Dirty:               116 kB
Writeback:             0 kB
AnonPages:       3291516 kB
Mapped:           125652 kB
Shmem:            393140 kB
Slab:              61660 kB
SReclaimable:      26032 kB
SUnreclaim:        35628 kB
KernelStack:        5632 kB
PageTables:        48592 kB
NFS_Unstable:          0 kB
Bounce:                0 kB
WritebackTmp:          0 kB
CommitLimit:     1997032 kB
Committed_AS:    8518700 kB
VmallocTotal:   34359738367 kB
VmallocUsed:      544592 kB
VmallocChunk:   34359183700 kB
HardwareCorrupted:     0 kB
AnonHugePages:   1177600 kB
HugePages_Total:       0
HugePages_Free:        0
HugePages_Rsvd:        0
HugePages_Surp:        0
Hugepagesize:       2048 kB
DirectMap4k:       69888 kB
DirectMap2M:     4071424 kB


CPU:total 4 (2 cores per cpu, 2 threads per core) family 6 model 42 stepping 7, cmov, cx8, fxsr, mmx, sse, sse2, sse3, ssse3, sse4.1, sse4.2, popcnt, avx, ht, tsc, tscinvbit

/proc/cpuinfo:
processor	: 0
vendor_id	: GenuineIntel
cpu family	: 6
model		: 42
model name	: Intel(R) Core(TM) i5-2410M CPU @ 2.30GHz
stepping	: 7
microcode	: 0x15
cpu MHz		: 1200.000
cache size	: 3072 KB
physical id	: 0
siblings	: 4
core id		: 0
cpu cores	: 2
apicid		: 0
initial apicid	: 0
fpu		: yes
fpu_exception	: yes
cpuid level	: 13
wp		: yes
flags		: fpu vme de pse tsc msr pae mce cx8 apic sep mtrr pge mca cmov pat pse36 clflush dts acpi mmx fxsr sse sse2 ss ht tm pbe syscall nx rdtscp lm constant_tsc arch_perfmon pebs bts rep_good nopl xtopology nonstop_tsc aperfmperf eagerfpu pni pclmulqdq dtes64 monitor ds_cpl vmx est tm2 ssse3 cx16 xtpr pdcm pcid sse4_1 sse4_2 x2apic popcnt tsc_deadline_timer xsave avx lahf_lm ida arat epb xsaveopt pln pts dtherm tpr_shadow vnmi flexpriority ept vpid
bogomips	: 4589.74
clflush size	: 64
cache_alignment	: 64
address sizes	: 36 bits physical, 48 bits virtual
power management:

processor	: 1
vendor_id	: GenuineIntel
cpu family	: 6
model		: 42
model name	: Intel(R) Core(TM) i5-2410M CPU @ 2.30GHz
stepping	: 7
microcode	: 0x15
cpu MHz		: 1200.000
cache size	: 3072 KB
physical id	: 0
siblings	: 4
core id		: 0
cpu cores	: 2
apicid		: 1
initial apicid	: 1
fpu		: yes
fpu_exception	: yes
cpuid level	: 13
wp		: yes
flags		: fpu vme de pse tsc msr pae mce cx8 apic sep mtrr pge mca cmov pat pse36 clflush dts acpi mmx fxsr sse sse2 ss ht tm pbe syscall nx rdtscp lm constant_tsc arch_perfmon pebs bts rep_good nopl xtopology nonstop_tsc aperfmperf eagerfpu pni pclmulqdq dtes64 monitor ds_cpl vmx est tm2 ssse3 cx16 xtpr pdcm pcid sse4_1 sse4_2 x2apic popcnt tsc_deadline_timer xsave avx lahf_lm ida arat epb xsaveopt pln pts dtherm tpr_shadow vnmi flexpriority ept vpid
bogomips	: 4589.74
clflush size	: 64
cache_alignment	: 64
address sizes	: 36 bits physical, 48 bits virtual
power management:

processor	: 2
vendor_id	: GenuineIntel
cpu family	: 6
model		: 42
model name	: Intel(R) Core(TM) i5-2410M CPU @ 2.30GHz
stepping	: 7
microcode	: 0x15
cpu MHz		: 1200.000
cache size	: 3072 KB
physical id	: 0
siblings	: 4
core id		: 1
cpu cores	: 2
apicid		: 2
initial apicid	: 2
fpu		: yes
fpu_exception	: yes
cpuid level	: 13
wp		: yes
flags		: fpu vme de pse tsc msr pae mce cx8 apic sep mtrr pge mca cmov pat pse36 clflush dts acpi mmx fxsr sse sse2 ss ht tm pbe syscall nx rdtscp lm constant_tsc arch_perfmon pebs bts rep_good nopl xtopology nonstop_tsc aperfmperf eagerfpu pni pclmulqdq dtes64 monitor ds_cpl vmx est tm2 ssse3 cx16 xtpr pdcm pcid sse4_1 sse4_2 x2apic popcnt tsc_deadline_timer xsave avx lahf_lm ida arat epb xsaveopt pln pts dtherm tpr_shadow vnmi flexpriority ept vpid
bogomips	: 4589.74
clflush size	: 64
cache_alignment	: 64
address sizes	: 36 bits physical, 48 bits virtual
power management:

processor	: 3
vendor_id	: GenuineIntel
cpu family	: 6
model		: 42
model name	: Intel(R) Core(TM) i5-2410M CPU @ 2.30GHz
stepping	: 7
microcode	: 0x15
cpu MHz		: 1200.000
cache size	: 3072 KB
physical id	: 0
siblings	: 4
core id		: 1
cpu cores	: 2
apicid		: 3
initial apicid	: 3
fpu		: yes
fpu_exception	: yes
cpuid level	: 13
wp		: yes
flags		: fpu vme de pse tsc msr pae mce cx8 apic sep mtrr pge mca cmov pat pse36 clflush dts acpi mmx fxsr sse sse2 ss ht tm pbe syscall nx rdtscp lm constant_tsc arch_perfmon pebs bts rep_good nopl xtopology nonstop_tsc aperfmperf eagerfpu pni pclmulqdq dtes64 monitor ds_cpl vmx est tm2 ssse3 cx16 xtpr pdcm pcid sse4_1 sse4_2 x2apic popcnt tsc_deadline_timer xsave avx lahf_lm ida arat epb xsaveopt pln pts dtherm tpr_shadow vnmi flexpriority ept vpid
bogomips	: 4589.74
clflush size	: 64
cache_alignment	: 64
address sizes	: 36 bits physical, 48 bits virtual
power management:



Memory: 4k page, physical 3994064k(117548k free), swap 0k(0k free)

vm_info: OpenJDK 64-Bit Server VM (24.75-b04) for linux-amd64 JRE (1.7.0_75-b13), built on Jan 27 2015 00:38:59 by "buildd" with gcc 4.8.2

time: Mon Apr  6 13:52:50 2015
elapsed time: 31 seconds

